<?xml version="1.0" encoding="UTF-8"?>
<!-- Generated by org.testng.reporters.JUnitReportReporter -->
<testsuite hostname="ATAUR" name="LearnTestNG.TestOne2" tests="1" failures="0" timestamp="14 Dec 2015 00:13:48 GMT" time="0.002" errors="0">
  <testcase name="test2" time="0.002" classname="LearnTestNG.TestOne2"/>
</testsuite> <!-- LearnTestNG.TestOne2 -->
