<?xml version="1.0" encoding="UTF-8"?>
<!-- Generated by org.testng.reporters.JUnitReportReporter -->
<testsuite hostname="ATAUR" name="firstTestNG.DataProviderTest" tests="3" failures="0" timestamp="14 Dec 2015 00:13:48 GMT" time="0.007" errors="0">
  <testcase name="testSignup" time="0.001" classname="firstTestNG.DataProviderTest"/>
  <testcase name="testSignup" time="0.003" classname="firstTestNG.DataProviderTest"/>
  <testcase name="testSignup" time="0.003" classname="firstTestNG.DataProviderTest"/>
</testsuite> <!-- firstTestNG.DataProviderTest -->
