<?xml version="1.0" encoding="UTF-8"?>
<!-- Generated by org.testng.reporters.JUnitReportReporter -->
<testsuite hostname="ATAUR" name="LearnTestNG.TestOne" tests="1" failures="0" timestamp="14 Dec 2015 00:13:48 GMT" time="0.018" errors="0">
  <testcase name="test1" time="0.018" classname="LearnTestNG.TestOne"/>
</testsuite> <!-- LearnTestNG.TestOne -->
