<?xml version="1.0" encoding="UTF-8"?>
<!-- Generated by org.testng.reporters.JUnitReportReporter -->
<testsuite hostname="ATAUR" name="learnLogs.LearningLog4J" tests="3" failures="0" timestamp="30 Nov 2015 03:20:45 GMT" time="0.025" errors="0">
  <testcase name="test2" time="0.001" classname="learnLogs.LearningLog4J"/>
  <testcase name="test1" time="0.023" classname="learnLogs.LearningLog4J"/>
  <testcase name="test3" time="0.001" classname="learnLogs.LearningLog4J"/>
</testsuite> <!-- learnLogs.LearningLog4J -->
