<?xml version="1.0" encoding="UTF-8"?>
<!-- Generated by org.testng.reporters.JUnitReportReporter -->
<testsuite hostname="ATAUR" name="LearnTestNG.TestOne3" tests="1" failures="0" timestamp="6 Dec 2015 17:22:39 GMT" time="0.000" errors="0">
  <testcase name="test3" time="0.000" classname="LearnTestNG.TestOne3"/>
</testsuite> <!-- LearnTestNG.TestOne3 -->
